{"total": {"lines":{"total":8,"covered":6,"skipped":0,"pct":75},"statements":{"total":8,"covered":6,"skipped":0,"pct":75},"functions":{"total":5,"covered":4,"skipped":0,"pct":80},"branches":{"total":2,"covered":1,"skipped":0,"pct":50},"branchesTrue":{"total":0,"covered":0,"skipped":0,"pct":"Unknown"}}
,"C:\\Users\\Täme\\Desktop\\mini-code-submodule\\src\\calculator.js": {"lines":{"total":8,"covered":6,"skipped":0,"pct":75},"functions":{"total":5,"covered":4,"skipped":0,"pct":80},"statements":{"total":8,"covered":6,"skipped":0,"pct":75},"branches":{"total":2,"covered":1,"skipped":0,"pct":50}}
}
